<?xml version="1.0" encoding="UTF-8"?>
<!-- Generated by org.testng.reporters.JUnitXMLReporter -->
<testsuite ignored="0" hostname="DESKTOP-P9UPF3A" failures="0" tests="4" name="Test" time="0.158" errors="0" timestamp="2022-05-24T23:19:55 IST">
  <testcase classname="testClasses.Class2" name="testC" time="0.018"/>
  <testcase classname="testClasses.Class2" name="testD" time="0.004"/>
  <testcase classname="testClasses.Class1" name="testA" time="0.003"/>
  <testcase classname="testClasses.Class1" name="testB" time="0.004"/>
</testsuite> <!-- Test -->
